Running: C:\Xilinx\14.7\ISE_DS\ISE\bin\nt64\unwrapped\fuse.exe -intstyle ise -incremental -o C:/Workspace/SecretLetters/vt_secret_letters_isim_beh.exe -prj C:/Workspace/SecretLetters/vt_secret_letters_beh.prj work.vt_secret_letters 
ISim P.20131013 (signature 0x7708f090)
Number of CPUs detected in this system: 8
Turning on mult-threading, number of parallel sub-compilation jobs: 16 
Determining compilation order of HDL files
Parsing VHDL file "C:/Workspace/SecretLetters/screen_write.vhd" into library work
Parsing VHDL file "C:/Workspace/SecretLetters/screen_read.vhd" into library work
Parsing VHDL file "C:/Workspace/SecretLetters/screen_main.vhd" into library work
Parsing VHDL file "C:/Workspace/SecretLetters/screen_code_write.vhd" into library work
Parsing VHDL file "C:/Workspace/SecretLetters/screen_code_read.vhd" into library work
Parsing VHDL file "C:/Workspace/SecretLetters/display_module.vhd" into library work
Parsing VHDL file "C:/Workspace/SecretLetters/secret_letters.vhd" into library work
Parsing VHDL file "C:/Workspace/SecretLetters/vt_secret_letters.vhd" into library work
Starting static elaboration
Completed static elaboration
Compiling package standard
Compiling package std_logic_1164
Compiling package std_logic_arith
Compiling package std_logic_unsigned
Compiling package numeric_std
Compiling architecture behavioral of entity display_module [display_module_default]
Compiling architecture behavioral of entity screen_main [screen_main_default]
Compiling architecture behavioral of entity screen_code_read [screen_code_read_default]
Compiling architecture behavioral of entity screen_code_write [screen_code_write_default]
Compiling architecture behavioral of entity screen_read [screen_read_default]
Compiling architecture behavioral of entity screen_write [screen_write_default]
Compiling architecture behavioral of entity secret_letters [secret_letters_default]
Compiling architecture behavior of entity vt_secret_letters
Time Resolution for simulation is 1ps.
Waiting for 1 sub-compilation(s) to finish...
WARNING:Simulator - Unable to copy libPortabilityNOSH.dll to the simulation executable directory: boost::filesystem::copy_file: 지정된 경로를 찾을 수 없습니다, "isim\vt_secret_letters_isim_beh.exe.sim\libPortability.dll".
Compiled 20 VHDL Units
Built simulation executable C:/Workspace/SecretLetters/vt_secret_letters_isim_beh.exe
Fuse Memory Usage: 39112 KB
Fuse CPU Usage: 812 ms
