ISim log file
Running: C:\Workspace\SecretLetters\vt_secret_letters_isim_beh.exe -intstyle ise -gui -tclbatch isim.cmd -wdb C:/Workspace/SecretLetters/vt_secret_letters_isim_beh.wdb 
ISim P.20131013 (signature 0x7708f090)
WARNING: A WEBPACK license was found.
WARNING: Please use Xilinx License Configuration Manager to check out a full ISim license.
WARNING: ISim will run in Lite mode. Please refer to the ISim documentation for more information on the differences between the Lite and the Full version.
This is a Lite version of ISim.
Time resolution is 1 ps
# onerror resume
# wave add /
# run 1000 ns
Simulator is doing circuit initialization process.
at 0 ps, Instance /vt_secret_letters/uut/dp_module/ : Warning: There is an 'U'|'X'|'W'|'Z'|'-' in an arithmetic operand, the result will be 'X'(es).
Finished circuit initialization process.
# run all
Stopped at time : 1438037375 ns : File "C:/Workspace/SecretLetters/screen_code_read.vhd" Line 163
# run all
Stopped at time : 2285838375 ns : File "C:/Workspace/SecretLetters/display_module.vhd" Line 57
# run 25.00us
# run 25.00us
# run 25.00us
# run 25.00us
# run 25.00us
# run 25.00us
# run 25.00us
# run 25.00us
