Command line:
   vt_secret_letters_isim_beh.exe
     -simmode  gui
     -simrunnum  0
     -socket  3711

Tue Jun 01 21:23:54 2021


 Elaboration Time: 0.046875 sec

 Current Memory Usage: 5157.9 Meg

 Total Signals          : 313
 Total Nets             : 3314
 Total Signal Drivers   : 159
 Total Blocks           : 12
 Total Primitive Blocks : 10
 Total Processes        : 65
 Total Traceable Variables  : 16
 Total Scalar Nets and Variables : 3816
Total Line Count : 612

 Total Simulation Time: 82.375 sec

 Current Memory Usage: 5000.62 Meg

Tue Jun 01 21:27:56 2021

