
****** PlanAhead v14.7
  **** Build 321239 by xbuild on Fri Sep 27 19:31:35 MDT 2013
    ** Copyright 1986-1999, 2001-2013 Xilinx, Inc. All Rights Reserved.

INFO: [Common 17-78] Attempting to get a license: PlanAhead
INFO: [Common 17-290] Got license for PlanAhead
INFO: [Common 17-86] Your PlanAhead license expires in -2285 day(s)
INFO: [Device 21-36] Loading parts and site information from C:/Xilinx/14.7/ISE_DS/PlanAhead/data/parts/arch.xml
Parsing RTL primitives file [C:/Xilinx/14.7/ISE_DS/PlanAhead/data/parts/xilinx/rtl/prims/rtl_prims.xml]
Finished parsing RTL primitives file [C:/Xilinx/14.7/ISE_DS/PlanAhead/data/parts/xilinx/rtl/prims/rtl_prims.xml]
start_gui
source C:/Workspace/SecretLetters/pa.fromHdl.tcl
# create_project -name SecretLetters -dir "C:/Workspace/SecretLetters/planAhead_run_2" -part xc3s200pq208-4
# set_param project.pinAheadLayout yes
# set srcset [get_property srcset [current_run -impl]]
# set_property target_constrs_file "secret_letters.ucf" [current_fileset -constrset]
Adding file 'C:/Workspace/SecretLetters/secret_letters.ucf' to fileset 'constrs_1'
# set hdlfile [add_files [list {screen_write.vhd}]]
# set_property file_type VHDL $hdlfile
# set_property library work $hdlfile
# set hdlfile [add_files [list {screen_read.vhd}]]
# set_property file_type VHDL $hdlfile
# set_property library work $hdlfile
# set hdlfile [add_files [list {screen_main.vhd}]]
# set_property file_type VHDL $hdlfile
# set_property library work $hdlfile
# set hdlfile [add_files [list {screen_code_write.vhd}]]
# set_property file_type VHDL $hdlfile
# set_property library work $hdlfile
# set hdlfile [add_files [list {screen_code_read.vhd}]]
# set_property file_type VHDL $hdlfile
# set_property library work $hdlfile
# set hdlfile [add_files [list {display_module.vhd}]]
# set_property file_type VHDL $hdlfile
# set_property library work $hdlfile
# set hdlfile [add_files [list {secret_letters.vhd}]]
# set_property file_type VHDL $hdlfile
# set_property library work $hdlfile
# set_property top secret_letters $srcset
# add_files [list {secret_letters.ucf}] -fileset [get_property constrset [current_run]]
# open_rtl_design -part xc3s200pq208-4
Using Verific elaboration
Parsing VHDL file "C:/Xilinx/14.7/ISE_DS/PlanAhead/data/parts/xilinx/rtl/lib/synplify/synattr.vhd" into library synplify
Parsing VHDL file "C:/Xilinx/14.7/ISE_DS/PlanAhead/data/parts/xilinx/rtl/lib/synplify/synattr.vhd" into library synplify
Parsing VHDL file "C:/Workspace/SecretLetters/screen_write.vhd" into library work
Parsing VHDL file "C:/Workspace/SecretLetters/screen_read.vhd" into library work
Parsing VHDL file "C:/Workspace/SecretLetters/screen_main.vhd" into library work
Parsing VHDL file "C:/Workspace/SecretLetters/screen_code_write.vhd" into library work
Parsing VHDL file "C:/Workspace/SecretLetters/screen_code_read.vhd" into library work
Parsing VHDL file "C:/Workspace/SecretLetters/display_module.vhd" into library work
Parsing VHDL file "C:/Workspace/SecretLetters/secret_letters.vhd" into library work
CRITICAL WARNING: [EDIF 20-96] Could not resolve non-primitive black box cell 'screen_code_write' instantiated as 'scr_code_write' [C:/Workspace/SecretLetters/secret_letters.vhd:373]
Resolution: File names need to match cell names: an EDIF definition will be found in screen_code_write.edf; an HDL definition may be placed in any Verilog/VHDL file.
CRITICAL WARNING: [EDIF 20-96] Could not resolve non-primitive black box cell 'screen_read' instantiated as 'scr_read' [C:/Workspace/SecretLetters/secret_letters.vhd:382]
Resolution: File names need to match cell names: an EDIF definition will be found in screen_read.edf; an HDL definition may be placed in any Verilog/VHDL file.
CRITICAL WARNING: [EDIF 20-96] Could not resolve non-primitive black box cell 'screen_write' instantiated as 'scr_write' [C:/Workspace/SecretLetters/secret_letters.vhd:392]
Resolution: File names need to match cell names: an EDIF definition will be found in screen_write.edf; an HDL definition may be placed in any Verilog/VHDL file.
INFO: [Designutils 20-910] Reading macro library C:/Xilinx/14.7/ISE_DS/PlanAhead/data\./parts/xilinx/spartan3/hd_int_macros.edn
Parsing EDIF File [C:/Xilinx/14.7/ISE_DS/PlanAhead/data\./parts/xilinx/spartan3/hd_int_macros.edn]
Finished Parsing EDIF File [C:/Xilinx/14.7/ISE_DS/PlanAhead/data\./parts/xilinx/spartan3/hd_int_macros.edn]
Loading clock regions from C:/Xilinx/14.7/ISE_DS/PlanAhead/data\parts/xilinx/spartan3/spartan3/xc3s200/ClockRegion.xml
Loading clock buffers from C:/Xilinx/14.7/ISE_DS/PlanAhead/data\parts/xilinx/spartan3/spartan3/xc3s200/ClockBuffers.xml
Loading package from C:/Xilinx/14.7/ISE_DS/PlanAhead/data\parts/xilinx/spartan3/spartan3/xc3s200/pq208/Package.xml
Loading io standards from C:/Xilinx/14.7/ISE_DS/PlanAhead/data\./parts/xilinx/spartan3/IOStandards.xml
INFO: [Device 21-19] Loading pkg sso from C:/Xilinx/14.7/ISE_DS/PlanAhead/data\parts/xilinx/spartan3/spartan3/xc3s200/pq208/SSORules.xml
Loading list of drcs for the architecture : C:/Xilinx/14.7/ISE_DS/PlanAhead/data\./parts/xilinx/spartan3/drc.xml
INFO: [Timing 38-77] Reading timing library C:/Xilinx/14.7/ISE_DS/PlanAhead/data\parts/xilinx/spartan3/spartan3/spartan3-4.lib.
INFO: [Timing 38-34] Done reading timing library C:/Xilinx/14.7/ISE_DS/PlanAhead/data\parts/xilinx/spartan3/spartan3/spartan3-4.lib.
Parsing UCF File [C:/Workspace/SecretLetters/secret_letters.ucf]
Finished Parsing UCF File [C:/Workspace/SecretLetters/secret_letters.ucf]
INFO: [Project 1-111] Unisim Transformation Summary:
No Unisim elements were transformed.

Phase 0 | Netlist Checksum: 0597081a
open_rtl_design: Time (s): elapsed = 00:00:06 . Memory (MB): peak = 456.398 ; gain = 53.469
update_compile_order -fileset sim_1
exit
ERROR: [Common 17-39] 'stop_gui' failed due to earlier errors.
INFO: [Common 17-206] Exiting PlanAhead at Tue Jun 01 18:10:26 2021...
INFO: [Common 17-83] Releasing license: PlanAhead
